<?xml version="1.0" encoding="utf-8"?><testsuites><testsuite name="pytest" errors="0" failures="0" skipped="0" tests="12" time="6.228" timestamp="2023-11-10T16:32:57.263798" hostname="muschol-b--0621cd"><testcase classname="mittab.libs.tests.data_import.test_import_judges.TestImportingJudges" name="test_rollback_from_duplicate" time="1.321" /><testcase classname="mittab.libs.tests.data_import.test_import_judges.TestImportingJudges" name="test_rollback_from_invalid_rank" time="0.019" /><testcase classname="mittab.libs.tests.data_import.test_import_judges.TestImportingJudges" name="test_schools_not_rolledback_if_existed_before" time="0.004" /><testcase classname="mittab.libs.tests.data_import.test_import_judges.TestImportingJudges" name="test_valid_judges" time="0.013" /><testcase classname="mittab.libs.tests.data_import.test_import_rooms.TestImportingJudges" name="test_rollback_when_invalid_room" time="0.014" /><testcase classname="mittab.libs.tests.data_import.test_import_rooms.TestImportingJudges" name="test_valid_rooms" time="0.005" /><testcase classname="mittab.libs.tests.data_import.test_import_scratches.TestImportingScratches" name="test_invalid_scratches" time="0.915" /><testcase classname="mittab.libs.tests.data_import.test_import_scratches.TestImportingScratches" name="test_valid_scratches" time="0.018" /><testcase classname="mittab.libs.tests.data_import.test_import_teams.TestImportingTeams" name="test_rollback_from_duplicate_debater" time="0.029" /><testcase classname="mittab.libs.tests.data_import.test_import_teams.TestImportingTeams" name="test_rollback_from_invalid_team" time="0.019" /><testcase classname="mittab.libs.tests.data_import.test_import_teams.TestImportingTeams" name="test_schools_not_rolledback_if_existed_before" time="0.006" /><testcase classname="mittab.libs.tests.data_import.test_import_teams.TestImportingTeams" name="test_valid_teams" time="0.026" /><testcase time="1.648" /></testsuite></testsuites>